INFO  Start processing
INFO  Hexo is running at http://localhost:80/. Press Ctrl+C to stop.
INFO  Start processing
INFO  Hexo is running at http://localhost:8080/. Press Ctrl+C to stop.
INFO  Start processing
INFO  Hexo is running at http://localhost:8080/. Press Ctrl+C to stop.
FATAL bad indentation of a mapping entry at line 76, column 2:
     theme: hexo-theme-apollo
     ^
YAMLException: bad indentation of a mapping entry at line 76, column 2:
     theme: hexo-theme-apollo
     ^
    at generateError (/usr/lib/node_modules/hexo-cli/eecsn/node_modules/js-yaml/lib/js-yaml/loader.js:165:10)
    at throwError (/usr/lib/node_modules/hexo-cli/eecsn/node_modules/js-yaml/lib/js-yaml/loader.js:171:9)
    at readBlockMapping (/usr/lib/node_modules/hexo-cli/eecsn/node_modules/js-yaml/lib/js-yaml/loader.js:1080:7)
    at composeNode (/usr/lib/node_modules/hexo-cli/eecsn/node_modules/js-yaml/lib/js-yaml/loader.js:1332:12)
    at readDocument (/usr/lib/node_modules/hexo-cli/eecsn/node_modules/js-yaml/lib/js-yaml/loader.js:1492:3)
    at loadDocuments (/usr/lib/node_modules/hexo-cli/eecsn/node_modules/js-yaml/lib/js-yaml/loader.js:1548:5)
    at Object.load (/usr/lib/node_modules/hexo-cli/eecsn/node_modules/js-yaml/lib/js-yaml/loader.js:1569:19)
    at Hexo.yamlHelper (/usr/lib/node_modules/hexo-cli/eecsn/node_modules/hexo/lib/plugins/renderer/yaml.js:7:15)
    at Hexo.tryCatcher (/usr/lib/node_modules/hexo-cli/eecsn/node_modules/bluebird/js/release/util.js:16:23)
    at Hexo.<anonymous> (/usr/lib/node_modules/hexo-cli/eecsn/node_modules/bluebird/js/release/method.js:15:34)
    at /usr/lib/node_modules/hexo-cli/eecsn/node_modules/hexo/lib/hexo/render.js:61:21
    at tryCatcher (/usr/lib/node_modules/hexo-cli/eecsn/node_modules/bluebird/js/release/util.js:16:23)
    at Promise._settlePromiseFromHandler (/usr/lib/node_modules/hexo-cli/eecsn/node_modules/bluebird/js/release/promise.js:512:31)
    at Promise._settlePromise (/usr/lib/node_modules/hexo-cli/eecsn/node_modules/bluebird/js/release/promise.js:569:18)
    at Promise._settlePromise0 (/usr/lib/node_modules/hexo-cli/eecsn/node_modules/bluebird/js/release/promise.js:614:10)
    at Promise._settlePromises (/usr/lib/node_modules/hexo-cli/eecsn/node_modules/bluebird/js/release/promise.js:693:18)
    at Async._drainQueue (/usr/lib/node_modules/hexo-cli/eecsn/node_modules/bluebird/js/release/async.js:133:16)
    at Async._drainQueues (/usr/lib/node_modules/hexo-cli/eecsn/node_modules/bluebird/js/release/async.js:143:10)
    at Immediate.Async.drainQueues (/usr/lib/node_modules/hexo-cli/eecsn/node_modules/bluebird/js/release/async.js:17:14)
    at runCallback (timers.js:672:20)
    at tryOnImmediate (timers.js:645:5)
    at processImmediate [as _immediateCallback] (timers.js:617:5)
FATAL bad indentation of a mapping entry at line 76, column 2:
     theme: hexo-theme-apollo
     ^
YAMLException: bad indentation of a mapping entry at line 76, column 2:
     theme: hexo-theme-apollo
     ^
    at generateError (/usr/lib/node_modules/hexo-cli/eecsn/node_modules/js-yaml/lib/js-yaml/loader.js:165:10)
    at throwError (/usr/lib/node_modules/hexo-cli/eecsn/node_modules/js-yaml/lib/js-yaml/loader.js:171:9)
    at readBlockMapping (/usr/lib/node_modules/hexo-cli/eecsn/node_modules/js-yaml/lib/js-yaml/loader.js:1080:7)
    at composeNode (/usr/lib/node_modules/hexo-cli/eecsn/node_modules/js-yaml/lib/js-yaml/loader.js:1332:12)
    at readDocument (/usr/lib/node_modules/hexo-cli/eecsn/node_modules/js-yaml/lib/js-yaml/loader.js:1492:3)
    at loadDocuments (/usr/lib/node_modules/hexo-cli/eecsn/node_modules/js-yaml/lib/js-yaml/loader.js:1548:5)
    at Object.load (/usr/lib/node_modules/hexo-cli/eecsn/node_modules/js-yaml/lib/js-yaml/loader.js:1569:19)
    at Hexo.yamlHelper (/usr/lib/node_modules/hexo-cli/eecsn/node_modules/hexo/lib/plugins/renderer/yaml.js:7:15)
    at Hexo.tryCatcher (/usr/lib/node_modules/hexo-cli/eecsn/node_modules/bluebird/js/release/util.js:16:23)
    at Hexo.<anonymous> (/usr/lib/node_modules/hexo-cli/eecsn/node_modules/bluebird/js/release/method.js:15:34)
    at /usr/lib/node_modules/hexo-cli/eecsn/node_modules/hexo/lib/hexo/render.js:61:21
    at tryCatcher (/usr/lib/node_modules/hexo-cli/eecsn/node_modules/bluebird/js/release/util.js:16:23)
    at Promise._settlePromiseFromHandler (/usr/lib/node_modules/hexo-cli/eecsn/node_modules/bluebird/js/release/promise.js:512:31)
    at Promise._settlePromise (/usr/lib/node_modules/hexo-cli/eecsn/node_modules/bluebird/js/release/promise.js:569:18)
    at Promise._settlePromise0 (/usr/lib/node_modules/hexo-cli/eecsn/node_modules/bluebird/js/release/promise.js:614:10)
    at Promise._settlePromises (/usr/lib/node_modules/hexo-cli/eecsn/node_modules/bluebird/js/release/promise.js:693:18)
    at Async._drainQueue (/usr/lib/node_modules/hexo-cli/eecsn/node_modules/bluebird/js/release/async.js:133:16)
    at Async._drainQueues (/usr/lib/node_modules/hexo-cli/eecsn/node_modules/bluebird/js/release/async.js:143:10)
    at Immediate.Async.drainQueues (/usr/lib/node_modules/hexo-cli/eecsn/node_modules/bluebird/js/release/async.js:17:14)
    at runCallback (timers.js:672:20)
    at tryOnImmediate (timers.js:645:5)
    at processImmediate [as _immediateCallback] (timers.js:617:5)
FATAL bad indentation of a mapping entry at line 76, column 2:
     theme: hexo-theme-apollo
     ^
YAMLException: bad indentation of a mapping entry at line 76, column 2:
     theme: hexo-theme-apollo
     ^
    at generateError (/usr/lib/node_modules/hexo-cli/eecsn/node_modules/js-yaml/lib/js-yaml/loader.js:165:10)
    at throwError (/usr/lib/node_modules/hexo-cli/eecsn/node_modules/js-yaml/lib/js-yaml/loader.js:171:9)
    at readBlockMapping (/usr/lib/node_modules/hexo-cli/eecsn/node_modules/js-yaml/lib/js-yaml/loader.js:1080:7)
    at composeNode (/usr/lib/node_modules/hexo-cli/eecsn/node_modules/js-yaml/lib/js-yaml/loader.js:1332:12)
    at readDocument (/usr/lib/node_modules/hexo-cli/eecsn/node_modules/js-yaml/lib/js-yaml/loader.js:1492:3)
    at loadDocuments (/usr/lib/node_modules/hexo-cli/eecsn/node_modules/js-yaml/lib/js-yaml/loader.js:1548:5)
    at Object.load (/usr/lib/node_modules/hexo-cli/eecsn/node_modules/js-yaml/lib/js-yaml/loader.js:1569:19)
    at Hexo.yamlHelper (/usr/lib/node_modules/hexo-cli/eecsn/node_modules/hexo/lib/plugins/renderer/yaml.js:7:15)
    at Hexo.tryCatcher (/usr/lib/node_modules/hexo-cli/eecsn/node_modules/bluebird/js/release/util.js:16:23)
    at Hexo.<anonymous> (/usr/lib/node_modules/hexo-cli/eecsn/node_modules/bluebird/js/release/method.js:15:34)
    at /usr/lib/node_modules/hexo-cli/eecsn/node_modules/hexo/lib/hexo/render.js:61:21
    at tryCatcher (/usr/lib/node_modules/hexo-cli/eecsn/node_modules/bluebird/js/release/util.js:16:23)
    at Promise._settlePromiseFromHandler (/usr/lib/node_modules/hexo-cli/eecsn/node_modules/bluebird/js/release/promise.js:512:31)
    at Promise._settlePromise (/usr/lib/node_modules/hexo-cli/eecsn/node_modules/bluebird/js/release/promise.js:569:18)
    at Promise._settlePromise0 (/usr/lib/node_modules/hexo-cli/eecsn/node_modules/bluebird/js/release/promise.js:614:10)
    at Promise._settlePromises (/usr/lib/node_modules/hexo-cli/eecsn/node_modules/bluebird/js/release/promise.js:693:18)
    at Async._drainQueue (/usr/lib/node_modules/hexo-cli/eecsn/node_modules/bluebird/js/release/async.js:133:16)
    at Async._drainQueues (/usr/lib/node_modules/hexo-cli/eecsn/node_modules/bluebird/js/release/async.js:143:10)
    at Immediate.Async.drainQueues (/usr/lib/node_modules/hexo-cli/eecsn/node_modules/bluebird/js/release/async.js:17:14)
    at runCallback (timers.js:672:20)
    at tryOnImmediate (timers.js:645:5)
    at processImmediate [as _immediateCallback] (timers.js:617:5)
FATAL bad indentation of a mapping entry at line 75, column 2:
     theme: landscape
     ^
YAMLException: bad indentation of a mapping entry at line 75, column 2:
     theme: landscape
     ^
    at generateError (/usr/lib/node_modules/hexo-cli/eecsn/node_modules/js-yaml/lib/js-yaml/loader.js:165:10)
    at throwError (/usr/lib/node_modules/hexo-cli/eecsn/node_modules/js-yaml/lib/js-yaml/loader.js:171:9)
    at readBlockMapping (/usr/lib/node_modules/hexo-cli/eecsn/node_modules/js-yaml/lib/js-yaml/loader.js:1080:7)
    at composeNode (/usr/lib/node_modules/hexo-cli/eecsn/node_modules/js-yaml/lib/js-yaml/loader.js:1332:12)
    at readDocument (/usr/lib/node_modules/hexo-cli/eecsn/node_modules/js-yaml/lib/js-yaml/loader.js:1492:3)
    at loadDocuments (/usr/lib/node_modules/hexo-cli/eecsn/node_modules/js-yaml/lib/js-yaml/loader.js:1548:5)
    at Object.load (/usr/lib/node_modules/hexo-cli/eecsn/node_modules/js-yaml/lib/js-yaml/loader.js:1569:19)
    at Hexo.yamlHelper (/usr/lib/node_modules/hexo-cli/eecsn/node_modules/hexo/lib/plugins/renderer/yaml.js:7:15)
    at Hexo.tryCatcher (/usr/lib/node_modules/hexo-cli/eecsn/node_modules/bluebird/js/release/util.js:16:23)
    at Hexo.<anonymous> (/usr/lib/node_modules/hexo-cli/eecsn/node_modules/bluebird/js/release/method.js:15:34)
    at /usr/lib/node_modules/hexo-cli/eecsn/node_modules/hexo/lib/hexo/render.js:61:21
    at tryCatcher (/usr/lib/node_modules/hexo-cli/eecsn/node_modules/bluebird/js/release/util.js:16:23)
    at Promise._settlePromiseFromHandler (/usr/lib/node_modules/hexo-cli/eecsn/node_modules/bluebird/js/release/promise.js:512:31)
    at Promise._settlePromise (/usr/lib/node_modules/hexo-cli/eecsn/node_modules/bluebird/js/release/promise.js:569:18)
    at Promise._settlePromise0 (/usr/lib/node_modules/hexo-cli/eecsn/node_modules/bluebird/js/release/promise.js:614:10)
    at Promise._settlePromises (/usr/lib/node_modules/hexo-cli/eecsn/node_modules/bluebird/js/release/promise.js:693:18)
    at Async._drainQueue (/usr/lib/node_modules/hexo-cli/eecsn/node_modules/bluebird/js/release/async.js:133:16)
    at Async._drainQueues (/usr/lib/node_modules/hexo-cli/eecsn/node_modules/bluebird/js/release/async.js:143:10)
    at Immediate.Async.drainQueues (/usr/lib/node_modules/hexo-cli/eecsn/node_modules/bluebird/js/release/async.js:17:14)
    at runCallback (timers.js:672:20)
    at tryOnImmediate (timers.js:645:5)
    at processImmediate [as _immediateCallback] (timers.js:617:5)
FATAL bad indentation of a mapping entry at line 75, column 2:
     theme: hexo-theme-apollo
     ^
YAMLException: bad indentation of a mapping entry at line 75, column 2:
     theme: hexo-theme-apollo
     ^
    at generateError (/usr/lib/node_modules/hexo-cli/eecsn/node_modules/js-yaml/lib/js-yaml/loader.js:165:10)
    at throwError (/usr/lib/node_modules/hexo-cli/eecsn/node_modules/js-yaml/lib/js-yaml/loader.js:171:9)
    at readBlockMapping (/usr/lib/node_modules/hexo-cli/eecsn/node_modules/js-yaml/lib/js-yaml/loader.js:1080:7)
    at composeNode (/usr/lib/node_modules/hexo-cli/eecsn/node_modules/js-yaml/lib/js-yaml/loader.js:1332:12)
    at readDocument (/usr/lib/node_modules/hexo-cli/eecsn/node_modules/js-yaml/lib/js-yaml/loader.js:1492:3)
    at loadDocuments (/usr/lib/node_modules/hexo-cli/eecsn/node_modules/js-yaml/lib/js-yaml/loader.js:1548:5)
    at Object.load (/usr/lib/node_modules/hexo-cli/eecsn/node_modules/js-yaml/lib/js-yaml/loader.js:1569:19)
    at Hexo.yamlHelper (/usr/lib/node_modules/hexo-cli/eecsn/node_modules/hexo/lib/plugins/renderer/yaml.js:7:15)
    at Hexo.tryCatcher (/usr/lib/node_modules/hexo-cli/eecsn/node_modules/bluebird/js/release/util.js:16:23)
    at Hexo.<anonymous> (/usr/lib/node_modules/hexo-cli/eecsn/node_modules/bluebird/js/release/method.js:15:34)
    at /usr/lib/node_modules/hexo-cli/eecsn/node_modules/hexo/lib/hexo/render.js:61:21
    at tryCatcher (/usr/lib/node_modules/hexo-cli/eecsn/node_modules/bluebird/js/release/util.js:16:23)
    at Promise._settlePromiseFromHandler (/usr/lib/node_modules/hexo-cli/eecsn/node_modules/bluebird/js/release/promise.js:512:31)
    at Promise._settlePromise (/usr/lib/node_modules/hexo-cli/eecsn/node_modules/bluebird/js/release/promise.js:569:18)
    at Promise._settlePromise0 (/usr/lib/node_modules/hexo-cli/eecsn/node_modules/bluebird/js/release/promise.js:614:10)
    at Promise._settlePromises (/usr/lib/node_modules/hexo-cli/eecsn/node_modules/bluebird/js/release/promise.js:693:18)
    at Async._drainQueue (/usr/lib/node_modules/hexo-cli/eecsn/node_modules/bluebird/js/release/async.js:133:16)
    at Async._drainQueues (/usr/lib/node_modules/hexo-cli/eecsn/node_modules/bluebird/js/release/async.js:143:10)
    at Immediate.Async.drainQueues (/usr/lib/node_modules/hexo-cli/eecsn/node_modules/bluebird/js/release/async.js:17:14)
    at runCallback (timers.js:672:20)
    at tryOnImmediate (timers.js:645:5)
    at processImmediate [as _immediateCallback] (timers.js:617:5)
FATAL bad indentation of a mapping entry at line 75, column 2:
     theme: landscape
     ^
YAMLException: bad indentation of a mapping entry at line 75, column 2:
     theme: landscape
     ^
    at generateError (/usr/lib/node_modules/hexo-cli/eecsn/node_modules/js-yaml/lib/js-yaml/loader.js:165:10)
    at throwError (/usr/lib/node_modules/hexo-cli/eecsn/node_modules/js-yaml/lib/js-yaml/loader.js:171:9)
    at readBlockMapping (/usr/lib/node_modules/hexo-cli/eecsn/node_modules/js-yaml/lib/js-yaml/loader.js:1080:7)
    at composeNode (/usr/lib/node_modules/hexo-cli/eecsn/node_modules/js-yaml/lib/js-yaml/loader.js:1332:12)
    at readDocument (/usr/lib/node_modules/hexo-cli/eecsn/node_modules/js-yaml/lib/js-yaml/loader.js:1492:3)
    at loadDocuments (/usr/lib/node_modules/hexo-cli/eecsn/node_modules/js-yaml/lib/js-yaml/loader.js:1548:5)
    at Object.load (/usr/lib/node_modules/hexo-cli/eecsn/node_modules/js-yaml/lib/js-yaml/loader.js:1569:19)
    at Hexo.yamlHelper (/usr/lib/node_modules/hexo-cli/eecsn/node_modules/hexo/lib/plugins/renderer/yaml.js:7:15)
    at Hexo.tryCatcher (/usr/lib/node_modules/hexo-cli/eecsn/node_modules/bluebird/js/release/util.js:16:23)
    at Hexo.<anonymous> (/usr/lib/node_modules/hexo-cli/eecsn/node_modules/bluebird/js/release/method.js:15:34)
    at /usr/lib/node_modules/hexo-cli/eecsn/node_modules/hexo/lib/hexo/render.js:61:21
    at tryCatcher (/usr/lib/node_modules/hexo-cli/eecsn/node_modules/bluebird/js/release/util.js:16:23)
    at Promise._settlePromiseFromHandler (/usr/lib/node_modules/hexo-cli/eecsn/node_modules/bluebird/js/release/promise.js:512:31)
    at Promise._settlePromise (/usr/lib/node_modules/hexo-cli/eecsn/node_modules/bluebird/js/release/promise.js:569:18)
    at Promise._settlePromise0 (/usr/lib/node_modules/hexo-cli/eecsn/node_modules/bluebird/js/release/promise.js:614:10)
    at Promise._settlePromises (/usr/lib/node_modules/hexo-cli/eecsn/node_modules/bluebird/js/release/promise.js:693:18)
    at Async._drainQueue (/usr/lib/node_modules/hexo-cli/eecsn/node_modules/bluebird/js/release/async.js:133:16)
    at Async._drainQueues (/usr/lib/node_modules/hexo-cli/eecsn/node_modules/bluebird/js/release/async.js:143:10)
    at Immediate.Async.drainQueues (/usr/lib/node_modules/hexo-cli/eecsn/node_modules/bluebird/js/release/async.js:17:14)
    at runCallback (timers.js:672:20)
    at tryOnImmediate (timers.js:645:5)
    at processImmediate [as _immediateCallback] (timers.js:617:5)
INFO  Start processing
INFO  Hexo is running at http://localhost:8080/. Press Ctrl+C to stop.
INFO  Start processing
INFO  Hexo is running at http://localhost:8080/. Press Ctrl+C to stop.
INFO  Start processing
INFO  Hexo is running at http://localhost:8080/. Press Ctrl+C to stop.
INFO  Start processing
INFO  Hexo is running at http://localhost:8080/. Press Ctrl+C to stop.
INFO  Start processing
INFO  Hexo is running at http://localhost:8080/. Press Ctrl+C to stop.
Usage: hexo <command>

Commands:
  backup    backup your website
  clean     Remove generated files and cache.
  config    Get or set configurations.
  deploy    Deploy your website.
  generate  Generate static files.
  help      Get help on a command.
  init      Create a new Hexo folder.
  list      List the information of the site
  migrate   Migrate your site from other system to Hexo.
  new       Create a new post.
  publish   Moves a draft post from _drafts to _posts folder.
  render    Render files with renderer plugins.
  server    Start the server.
  version   Display version information.

Global Options:
  --config  Specify config file instead of using _config.yml
  --cwd     Specify the CWD
  --debug   Display all verbose messages in the terminal
  --draft   Display draft posts
  --safe    Disable all plugins and scripts
  --silent  Hide output on console

For more help, you can use 'hexo help [command]' for the detailed information
or you can check the docs: http://hexo.io/docs/
INFO  Start processing
INFO  Hexo is running at http://localhost:8080/. Press Ctrl+C to stop.
